c:\users\keyur\source\repos\reportcardmanagementsystem\debug\vc142.pdb
c:\users\keyur\source\repos\reportcardmanagementsystem\debug\.netframework,version=v4.7.2.assemblyattributes.obj
c:\users\keyur\source\repos\reportcardmanagementsystem\debug\student.obj
c:\users\keyur\source\repos\reportcardmanagementsystem\debug\searchstudent1.obj
c:\users\keyur\source\repos\reportcardmanagementsystem\debug\modifystudent.obj
c:\users\keyur\source\repos\reportcardmanagementsystem\debug\getdata.obj
c:\users\keyur\source\repos\reportcardmanagementsystem\debug\form5.obj
c:\users\keyur\source\repos\reportcardmanagementsystem\debug\form4.obj
c:\users\keyur\source\repos\reportcardmanagementsystem\debug\form3.obj
c:\users\keyur\source\repos\reportcardmanagementsystem\debug\form2.obj
c:\users\keyur\source\repos\reportcardmanagementsystem\debug\form1.obj
c:\users\keyur\source\repos\reportcardmanagementsystem\debug\displayall.obj
c:\users\keyur\source\repos\reportcardmanagementsystem\debug\reportcardmanagementsystem.exe
c:\users\keyur\source\repos\reportcardmanagementsystem\debug\reportcardmanagementsystem.pdb
c:\users\keyur\source\repos\reportcardmanagementsystem\debug\reportcardmanagementsystem.displayall.resources
c:\users\keyur\source\repos\reportcardmanagementsystem\debug\reportcardmanagementsystem.form1.resources
c:\users\keyur\source\repos\reportcardmanagementsystem\debug\reportcardmanagementsystem.form2.resources
c:\users\keyur\source\repos\reportcardmanagementsystem\debug\reportcardmanagementsystem.form3.resources
c:\users\keyur\source\repos\reportcardmanagementsystem\debug\reportcardmanagementsystem.form4.resources
c:\users\keyur\source\repos\reportcardmanagementsystem\debug\reportcardmanagementsystem.form5.resources
c:\users\keyur\source\repos\reportcardmanagementsystem\debug\reportcardmanagementsystem.getdata.resources
c:\users\keyur\source\repos\reportcardmanagementsystem\debug\reportcardmanagementsystem.modifystudent.resources
c:\users\keyur\source\repos\reportcardmanagementsystem\debug\reportcardmanagementsystem.searchstudent1.resources
c:\users\keyur\source\repos\reportcardmanagementsystem\debug\reportcardmanagementsystem.exe.metagen
c:\users\keyur\source\repos\reportcardmanagementsystem\debug\reportca.6203db2e.tlog\cl.command.1.tlog
c:\users\keyur\source\repos\reportcardmanagementsystem\debug\reportca.6203db2e.tlog\cl.read.1.tlog
c:\users\keyur\source\repos\reportcardmanagementsystem\debug\reportca.6203db2e.tlog\cl.write.1.tlog
c:\users\keyur\source\repos\reportcardmanagementsystem\debug\reportca.6203db2e.tlog\link.command.1.tlog
c:\users\keyur\source\repos\reportcardmanagementsystem\debug\reportca.6203db2e.tlog\link.read.1.tlog
c:\users\keyur\source\repos\reportcardmanagementsystem\debug\reportca.6203db2e.tlog\link.write.1.tlog
c:\users\keyur\source\repos\reportcardmanagementsystem\debug\reportca.6203db2e.tlog\metagen.read.1.tlog
c:\users\keyur\source\repos\reportcardmanagementsystem\debug\reportca.6203db2e.tlog\metagen.write.1.tlog
c:\users\keyur\source\repos\reportcardmanagementsystem\debug\reportca.6203db2e.tlog\reportcardmanagementsystem.write.1u.tlog
